# JRE version: OpenJDK Runtime Environment (21.0.1+12) (build 21.0.1+12-29)
# Java VM: OpenJDK 64-Bit Server VM (21.0.1+12-29, mixed mode, sharing, tiered, compressed oops, compressed class ptrs, g1 gc, windows-amd64)
GC Precious Log:
 CardTable entry size: 512
 Card Set container configuration: InlinePtr #cards 4 size 8 Array Of Cards #cards 16 size 48 Howl #buckets 8 coarsen threshold 3686 Howl Bitmap #cards 512 size 80 coarsen threshold 460 Card regions per heap region 1 cards per card region 4096
 CPUs: 8 total, 8 available
 Memory: 16230M
 Large Page Support: Disabled
 NUMA Support: Disabled
 Compressed Oops: Enabled (Zero based)
 Heap Region Size: 2M
 Heap Min Capacity: 8M
 Heap Initial Capacity: 254M
 Heap Max Capacity: 4058M
 Pre-touch: Disabled
 Parallel Workers: 8
 Concurrent Workers: 2
 Concurrent Refinement Workers: 8
 Periodic GC: Disabled
Heap:
 garbage-first heap   total 96256K, used 26867K [0x0000000702600000, 0x0000000800000000)
  region size 2048K, 4 young (8192K), 2 survivors (4096K)
 Metaspace       used 59866K, committed 60544K, reserved 1114112K
  class space    used 8141K, committed 8448K, reserved 1048576K
GC Heap History (18 events):
Event: 0.673 GC heap before
{Heap before GC invocations=0 (full 0):
 garbage-first heap   total 260096K, used 22528K [0x0000000702600000, 0x0000000800000000)
  region size 2048K, 11 young (22528K), 0 survivors (0K)
 Metaspace       used 4774K, committed 4992K, reserved 1114112K
  class space    used 605K, committed 704K, reserved 1048576K
}
Event: 0.677 GC heap after
{Heap after GC invocations=1 (full 0):
 garbage-first heap   total 260096K, used 6144K [0x0000000702600000, 0x0000000800000000)
  region size 2048K, 2 young (4096K), 2 survivors (4096K)
 Metaspace       used 4774K, committed 4992K, reserved 1114112K
  class space    used 605K, committed 704K, reserved 1048576K
}
Event: 1.427 GC heap before
{Heap before GC invocations=1 (full 0):
 garbage-first heap   total 260096K, used 34816K [0x0000000702600000, 0x0000000800000000)
  region size 2048K, 16 young (32768K), 2 survivors (4096K)
 Metaspace       used 12462K, committed 12736K, reserved 1114112K
  class space    used 1600K, committed 1728K, reserved 1048576K
}
Event: 1.432 GC heap after
{Heap after GC invocations=2 (full 0):
 garbage-first heap   total 260096K, used 9353K [0x0000000702600000, 0x0000000800000000)
  region size 2048K, 2 young (4096K), 2 survivors (4096K)
 Metaspace       used 12462K, committed 12736K, reserved 1114112K
  class space    used 1600K, committed 1728K, reserved 1048576K
}
Event: 2.000 GC heap before
{Heap before GC invocations=2 (full 0):
 garbage-first heap   total 260096K, used 44169K [0x0000000702600000, 0x0000000800000000)
  region size 2048K, 20 young (40960K), 2 survivors (4096K)
 Metaspace       used 21167K, committed 21504K, reserved 1114112K
  class space    used 2693K, committed 2880K, reserved 1048576K
}
Event: 2.006 GC heap after
{Heap after GC invocations=3 (full 0):
 garbage-first heap   total 260096K, used 12709K [0x0000000702600000, 0x0000000800000000)
  region size 2048K, 4 young (8192K), 4 survivors (8192K)
 Metaspace       used 21167K, committed 21504K, reserved 1114112K
  class space    used 2693K, committed 2880K, reserved 1048576K
}
Event: 2.687 GC heap before
{Heap before GC invocations=4 (full 0):
 garbage-first heap   total 61440K, used 41381K [0x0000000702600000, 0x0000000800000000)
  region size 2048K, 18 young (36864K), 4 survivors (8192K)
 Metaspace       used 24635K, committed 24960K, reserved 1114112K
  class space    used 3152K, committed 3328K, reserved 1048576K
}
Event: 2.693 GC heap after
{Heap after GC invocations=5 (full 0):
 garbage-first heap   total 61440K, used 14706K [0x0000000702600000, 0x0000000800000000)
  region size 2048K, 2 young (4096K), 2 survivors (4096K)
 Metaspace       used 24635K, committed 24960K, reserved 1114112K
  class space    used 3152K, committed 3328K, reserved 1048576K
}
Event: 3.384 GC heap before
{Heap before GC invocations=5 (full 0):
 garbage-first heap   total 61440K, used 43378K [0x0000000702600000, 0x0000000800000000)
  region size 2048K, 16 young (32768K), 2 survivors (4096K)
 Metaspace       used 30004K, committed 30400K, reserved 1114112K
  class space    used 3925K, committed 4096K, reserved 1048576K
}
Event: 3.389 GC heap after
{Heap after GC invocations=6 (full 0):
 garbage-first heap   total 61440K, used 17457K [0x0000000702600000, 0x0000000800000000)
  region size 2048K, 2 young (4096K), 2 survivors (4096K)
 Metaspace       used 30004K, committed 30400K, reserved 1114112K
  class space    used 3925K, committed 4096K, reserved 1048576K
}
Event: 3.780 GC heap before
{Heap before GC invocations=6 (full 0):
 garbage-first heap   total 61440K, used 33841K [0x0000000702600000, 0x0000000800000000)
  region size 2048K, 11 young (22528K), 2 survivors (4096K)
 Metaspace       used 35502K, committed 35968K, reserved 1114112K
  class space    used 4708K, committed 4928K, reserved 1048576K
}
Event: 3.786 GC heap after
{Heap after GC invocations=7 (full 0):
 garbage-first heap   total 61440K, used 18733K [0x0000000702600000, 0x0000000800000000)
  region size 2048K, 1 young (2048K), 1 survivors (2048K)
 Metaspace       used 35502K, committed 35968K, reserved 1114112K
  class space    used 4708K, committed 4928K, reserved 1048576K
}
Event: 4.593 GC heap before
{Heap before GC invocations=8 (full 0):
 garbage-first heap   total 61440K, used 45357K [0x0000000702600000, 0x0000000800000000)
  region size 2048K, 15 young (30720K), 1 survivors (2048K)
 Metaspace       used 46248K, committed 46784K, reserved 1114112K
  class space    used 6059K, committed 6336K, reserved 1048576K
}
Event: 4.598 GC heap after
{Heap after GC invocations=9 (full 0):
 garbage-first heap   total 61440K, used 21295K [0x0000000702600000, 0x0000000800000000)
  region size 2048K, 2 young (4096K), 2 survivors (4096K)
 Metaspace       used 46248K, committed 46784K, reserved 1114112K
  class space    used 6059K, committed 6336K, reserved 1048576K
}
Event: 5.205 GC heap before
{Heap before GC invocations=9 (full 0):
 garbage-first heap   total 61440K, used 49967K [0x0000000702600000, 0x0000000800000000)
  region size 2048K, 16 young (32768K), 2 survivors (4096K)
 Metaspace       used 55551K, committed 56128K, reserved 1114112K
  class space    used 7515K, committed 7808K, reserved 1048576K
}
Event: 5.215 GC heap after
{Heap after GC invocations=10 (full 0):
 garbage-first heap   total 61440K, used 22346K [0x0000000702600000, 0x0000000800000000)
  region size 2048K, 1 young (2048K), 1 survivors (2048K)
 Metaspace       used 55551K, committed 56128K, reserved 1114112K
  class space    used 7515K, committed 7808K, reserved 1048576K
}
Event: 5.821 GC heap before
{Heap before GC invocations=10 (full 0):
 garbage-first heap   total 61440K, used 46922K [0x0000000702600000, 0x0000000800000000)
  region size 2048K, 14 young (28672K), 1 survivors (2048K)
 Metaspace       used 59683K, committed 60288K, reserved 1114112K
  class space    used 8102K, committed 8384K, reserved 1048576K
}
Event: 5.828 GC heap after
{Heap after GC invocations=11 (full 0):
 garbage-first heap   total 161792K, used 24819K [0x0000000702600000, 0x0000000800000000)
  region size 2048K, 2 young (4096K), 2 survivors (4096K)
 Metaspace       used 59683K, committed 60288K, reserved 1114112K
  class space    used 8102K, committed 8384K, reserved 1048576K
}

